Tuesday 28th of May 2019 12:15:04 PM, 1-El archivo se creo exitoso!
Tuesday 28th of May 2019 12:15:04 PM, 2-El archivo se actualizo!
Tuesday 28th of May 2019 12:20:07 PM, 1-El archivo se creo exitoso!
Tuesday 28th of May 2019 12:20:07 PM, 2-El archivo se actualizo!
Tuesday 28th of May 2019 12:20:09 PM, Email enviado exitoso!!
Tuesday 28th of May 2019 12:20:09 PM, Registros guardados al history con exito
Tuesday 28th of May 2019 04:45:01 PM, No hay nuevos registros para enviar...
Wednesday 29th of May 2019 12:15:01 AM, 1-El archivo se creo exitoso!
Wednesday 29th of May 2019 12:15:01 AM, 2-El archivo se actualizo!
Wednesday 29th of May 2019 12:15:06 AM, Email enviado exitoso!!
Wednesday 29th of May 2019 12:15:06 AM, Registros guardados al history con exito
Wednesday 29th of May 2019 10:35:45 AM, 1-El archivo se creo exitoso!
Wednesday 29th of May 2019 10:35:45 AM, 2-El archivo se actualizo!
Wednesday 29th of May 2019 10:35:47 AM, Email enviado exitoso!!
Wednesday 29th of May 2019 10:35:47 AM, Registros guardados al history con exito
Wednesday 29th of May 2019 03:18:01 PM, 1-El archivo se creo exitoso!
Wednesday 29th of May 2019 03:18:01 PM, 2-El archivo se actualizo!
Wednesday 29th of May 2019 03:18:05 PM, Email enviado exitoso!!
Wednesday 29th of May 2019 03:18:05 PM, Registros guardados al history con exito
Thursday 30th of May 2019 11:35:10 PM, No hay nuevos registros para enviar...
Thursday 30th of May 2019 11:55:34 PM, 1-El archivo se creo exitoso!
Thursday 30th of May 2019 11:55:34 PM, 2-El archivo se actualizo!
Thursday 30th of May 2019 11:55:38 PM, Email enviado exitoso!!
Thursday 30th of May 2019 11:55:38 PM, Registros guardados al history con exito
Friday 31st of May 2019 12:15:01 AM, No hay nuevos registros para enviar...
Sunday 2nd of June 2019 12:15:02 AM, No hay nuevos registros para enviar...
Monday 3rd of June 2019 12:15:02 AM, No hay nuevos registros para enviar...
Wednesday 5th of June 2019 12:15:02 AM, No hay nuevos registros para enviar...
Friday 7th of June 2019 12:15:02 AM, No hay nuevos registros para enviar...
Saturday 8th of June 2019 12:15:01 AM, No hay nuevos registros para enviar...
Sunday 9th of June 2019 12:15:02 AM, No hay nuevos registros para enviar...
Monday 10th of June 2019 12:15:02 AM, No hay nuevos registros para enviar...
Tuesday 11th of June 2019 12:15:01 AM, No hay nuevos registros para enviar...
Wednesday 12th of June 2019 12:15:02 AM, No hay nuevos registros para enviar...
Thursday 13th of June 2019 12:15:02 AM, No hay nuevos registros para enviar...
Friday 14th of June 2019 12:15:02 AM, No hay nuevos registros para enviar...
Saturday 15th of June 2019 12:15:02 AM, No hay nuevos registros para enviar...
Sunday 16th of June 2019 12:15:02 AM, No hay nuevos registros para enviar...
Monday 17th of June 2019 12:15:02 AM, No hay nuevos registros para enviar...
Tuesday 18th of June 2019 12:15:02 AM, No hay nuevos registros para enviar...
Wednesday 19th of June 2019 12:15:02 AM, No hay nuevos registros para enviar...
Thursday 20th of June 2019 12:15:02 AM, No hay nuevos registros para enviar...
Friday 21st of June 2019 12:15:02 AM, No hay nuevos registros para enviar...
Saturday 22nd of June 2019 12:15:01 AM, No hay nuevos registros para enviar...
Sunday 23rd of June 2019 12:15:01 AM, No hay nuevos registros para enviar...
Monday 24th of June 2019 12:15:02 AM, No hay nuevos registros para enviar...
Tuesday 25th of June 2019 12:15:02 AM, No hay nuevos registros para enviar...
Wednesday 26th of June 2019 12:15:01 AM, No hay nuevos registros para enviar...
Thursday 27th of June 2019 12:15:02 AM, No hay nuevos registros para enviar...
Friday 28th of June 2019 12:15:01 AM, No hay nuevos registros para enviar...
Saturday 29th of June 2019 12:15:02 AM, No hay nuevos registros para enviar...
Sunday 30th of June 2019 12:15:01 AM, No hay nuevos registros para enviar...
Monday 1st of July 2019 12:15:02 AM, No hay nuevos registros para enviar...
Tuesday 2nd of July 2019 12:15:02 AM, No hay nuevos registros para enviar...
Wednesday 3rd of July 2019 12:15:02 AM, No hay nuevos registros para enviar...
Thursday 4th of July 2019 12:15:01 AM, No hay nuevos registros para enviar...
Friday 5th of July 2019 12:15:02 AM, No hay nuevos registros para enviar...
Saturday 6th of July 2019 12:15:02 AM, No hay nuevos registros para enviar...
Sunday 7th of July 2019 12:15:01 AM, No hay nuevos registros para enviar...
Monday 8th of July 2019 12:15:01 AM, No hay nuevos registros para enviar...
Tuesday 9th of July 2019 12:15:02 AM, No hay nuevos registros para enviar...
Wednesday 10th of July 2019 12:15:02 AM, No hay nuevos registros para enviar...
Thursday 11th of July 2019 12:15:02 AM, No hay nuevos registros para enviar...
Friday 12th of July 2019 12:15:02 AM, No hay nuevos registros para enviar...
Saturday 13th of July 2019 12:15:02 AM, No hay nuevos registros para enviar...
Sunday 14th of July 2019 12:15:02 AM, No hay nuevos registros para enviar...
Tuesday 16th of July 2019 12:15:02 AM, No hay nuevos registros para enviar...
Wednesday 17th of July 2019 12:15:02 AM, No hay nuevos registros para enviar...
Thursday 18th of July 2019 12:15:02 AM, No hay nuevos registros para enviar...
Friday 19th of July 2019 06:28:39 PM, 1-El archivo se creo exitoso!
Friday 19th of July 2019 06:28:39 PM, 2-El archivo se actualizo!
Friday 19th of July 2019 06:28:42 PM, Email enviado exitoso!!
Friday 19th of July 2019 06:28:42 PM, Registros guardados al history con exito
Monday 22nd of July 2019 05:45:54 PM, 1-El archivo se creo exitoso!
Monday 22nd of July 2019 05:45:54 PM, 2-El archivo se actualizo!
Monday 22nd of July 2019 05:45:57 PM, Email enviado exitoso!!
Monday 22nd of July 2019 05:45:57 PM, Registros guardados al history con exito
Friday 16th of August 2019 12:15:02 AM, 1-El archivo se creo exitoso!
Friday 16th of August 2019 12:15:02 AM, 2-El archivo se actualizo!
Friday 16th of August 2019 12:15:02 AM, 2-El archivo se actualizo!
Friday 16th of August 2019 12:15:02 AM, 2-El archivo se actualizo!
Friday 16th of August 2019 12:15:02 AM, 2-El archivo se actualizo!
Friday 16th of August 2019 12:15:02 AM, 2-El archivo se actualizo!
Friday 16th of August 2019 12:15:02 AM, 2-El archivo se actualizo!
Friday 16th of August 2019 12:15:02 AM, 2-El archivo se actualizo!
Friday 16th of August 2019 12:15:02 AM, 2-El archivo se actualizo!
Friday 16th of August 2019 12:15:02 AM, 2-El archivo se actualizo!
Friday 16th of August 2019 12:15:02 AM, 2-El archivo se actualizo!
Friday 16th of August 2019 12:15:02 AM, 2-El archivo se actualizo!
Friday 16th of August 2019 12:15:02 AM, 2-El archivo se actualizo!
Friday 16th of August 2019 12:15:02 AM, 2-El archivo se actualizo!
Friday 16th of August 2019 12:15:02 AM, 2-El archivo se actualizo!
Friday 16th of August 2019 12:15:02 AM, 2-El archivo se actualizo!
Friday 16th of August 2019 12:15:02 AM, 2-El archivo se actualizo!
Friday 16th of August 2019 12:15:02 AM, 2-El archivo se actualizo!
Friday 16th of August 2019 12:15:02 AM, 2-El archivo se actualizo!
Friday 16th of August 2019 12:15:02 AM, 2-El archivo se actualizo!
Friday 16th of August 2019 12:15:02 AM, 2-El archivo se actualizo!
Friday 16th of August 2019 12:15:02 AM, 2-El archivo se actualizo!
Friday 16th of August 2019 12:15:02 AM, 2-El archivo se actualizo!
Friday 16th of August 2019 12:15:05 AM, Email enviado exitoso!!
Friday 16th of August 2019 12:15:05 AM, Registros guardados al history con exito
Friday 16th of August 2019 12:15:05 AM, Registros guardados al history con exito
Friday 16th of August 2019 12:15:05 AM, Registros guardados al history con exito
Friday 16th of August 2019 12:15:05 AM, Registros guardados al history con exito
Friday 16th of August 2019 12:15:05 AM, Registros guardados al history con exito
Friday 16th of August 2019 12:15:05 AM, Registros guardados al history con exito
Friday 16th of August 2019 12:15:05 AM, Registros guardados al history con exito
Friday 16th of August 2019 12:15:05 AM, Registros guardados al history con exito
Friday 16th of August 2019 12:15:05 AM, Registros guardados al history con exito
Friday 16th of August 2019 12:15:05 AM, Registros guardados al history con exito
Friday 16th of August 2019 12:15:05 AM, Registros guardados al history con exito
Friday 16th of August 2019 12:15:05 AM, Registros guardados al history con exito
Friday 16th of August 2019 12:15:05 AM, Registros guardados al history con exito
Friday 16th of August 2019 12:15:05 AM, Registros guardados al history con exito
Friday 16th of August 2019 12:15:05 AM, Registros guardados al history con exito
Friday 16th of August 2019 12:15:05 AM, Registros guardados al history con exito
Friday 16th of August 2019 12:15:05 AM, Registros guardados al history con exito
Friday 16th of August 2019 12:15:05 AM, Registros guardados al history con exito
Friday 16th of August 2019 12:15:05 AM, Registros guardados al history con exito
Friday 16th of August 2019 12:15:05 AM, Registros guardados al history con exito
Friday 16th of August 2019 12:15:05 AM, Registros guardados al history con exito
Friday 16th of August 2019 12:15:05 AM, Registros guardados al history con exito
Saturday 17th of August 2019 12:15:01 AM, No hay nuevos registros para enviar...
Sunday 18th of August 2019 12:15:01 AM, No hay nuevos registros para enviar...
Monday 19th of August 2019 12:15:02 AM, No hay nuevos registros para enviar...
Tuesday 20th of August 2019 12:15:02 AM, No hay nuevos registros para enviar...
Wednesday 21st of August 2019 12:15:01 AM, 1-El archivo se creo exitoso!
Wednesday 21st of August 2019 12:15:01 AM, 2-El archivo se actualizo!
Wednesday 21st of August 2019 12:15:01 AM, 2-El archivo se actualizo!
Wednesday 21st of August 2019 12:15:01 AM, 2-El archivo se actualizo!
Wednesday 21st of August 2019 12:15:04 AM, Email enviado exitoso!!
Wednesday 21st of August 2019 12:15:04 AM, Registros guardados al history con exito
Wednesday 21st of August 2019 12:15:04 AM, Registros guardados al history con exito
Wednesday 21st of August 2019 12:15:04 AM, Registros guardados al history con exito
Thursday 22nd of August 2019 12:15:01 AM, No hay nuevos registros para enviar...
Friday 23rd of August 2019 12:15:02 AM, No hay nuevos registros para enviar...
Friday 23rd of August 2019 06:06:55 PM, 1-El archivo se creo exitoso!
Friday 23rd of August 2019 06:06:55 PM, 2-El archivo se actualizo!
Friday 23rd of August 2019 06:06:55 PM, 2-El archivo se actualizo!
Friday 23rd of August 2019 06:06:55 PM, 2-El archivo se actualizo!
Friday 23rd of August 2019 06:06:55 PM, 2-El archivo se actualizo!
Friday 23rd of August 2019 06:06:55 PM, 2-El archivo se actualizo!
Friday 23rd of August 2019 06:06:55 PM, 2-El archivo se actualizo!
Friday 23rd of August 2019 06:06:55 PM, 2-El archivo se actualizo!
Friday 23rd of August 2019 06:06:55 PM, 2-El archivo se actualizo!
Friday 23rd of August 2019 06:06:55 PM, 2-El archivo se actualizo!
Friday 23rd of August 2019 06:06:55 PM, 2-El archivo se actualizo!
Friday 23rd of August 2019 06:06:55 PM, 2-El archivo se actualizo!
Friday 23rd of August 2019 06:06:55 PM, 2-El archivo se actualizo!
Friday 23rd of August 2019 06:06:55 PM, 2-El archivo se actualizo!
Friday 23rd of August 2019 06:06:55 PM, 2-El archivo se actualizo!
Friday 23rd of August 2019 06:06:55 PM, 2-El archivo se actualizo!
Friday 23rd of August 2019 06:06:55 PM, 2-El archivo se actualizo!
Friday 23rd of August 2019 06:06:55 PM, 2-El archivo se actualizo!
Friday 23rd of August 2019 06:06:55 PM, 2-El archivo se actualizo!
Friday 23rd of August 2019 06:06:55 PM, 2-El archivo se actualizo!
Friday 23rd of August 2019 06:06:55 PM, 2-El archivo se actualizo!
Friday 23rd of August 2019 06:06:55 PM, 2-El archivo se actualizo!
Friday 23rd of August 2019 06:06:55 PM, 2-El archivo se actualizo!
Friday 23rd of August 2019 06:06:55 PM, 2-El archivo se actualizo!
Friday 23rd of August 2019 06:06:55 PM, 2-El archivo se actualizo!
Friday 23rd of August 2019 06:06:55 PM, 2-El archivo se actualizo!
Friday 23rd of August 2019 06:07:04 PM, Email enviado exitoso!!
Friday 23rd of August 2019 06:07:04 PM, Registros guardados al history con exito
Friday 23rd of August 2019 06:07:04 PM, Registros guardados al history con exito
Friday 23rd of August 2019 06:07:04 PM, Registros guardados al history con exito
Friday 23rd of August 2019 06:07:04 PM, Registros guardados al history con exito
Friday 23rd of August 2019 06:07:04 PM, Registros guardados al history con exito
Friday 23rd of August 2019 06:07:04 PM, Registros guardados al history con exito
Friday 23rd of August 2019 06:07:04 PM, Registros guardados al history con exito
Friday 23rd of August 2019 06:07:04 PM, Registros guardados al history con exito
Friday 23rd of August 2019 06:07:04 PM, Registros guardados al history con exito
Friday 23rd of August 2019 06:07:04 PM, Registros guardados al history con exito
Friday 23rd of August 2019 06:07:04 PM, Registros guardados al history con exito
Friday 23rd of August 2019 06:07:04 PM, Registros guardados al history con exito
Friday 23rd of August 2019 06:07:04 PM, Registros guardados al history con exito
Friday 23rd of August 2019 06:07:04 PM, Registros guardados al history con exito
Friday 23rd of August 2019 06:07:04 PM, Registros guardados al history con exito
Friday 23rd of August 2019 06:07:04 PM, Registros guardados al history con exito
Friday 23rd of August 2019 06:07:04 PM, Registros guardados al history con exito
Friday 23rd of August 2019 06:07:04 PM, Registros guardados al history con exito
Friday 23rd of August 2019 06:07:04 PM, Registros guardados al history con exito
Friday 23rd of August 2019 06:07:04 PM, Registros guardados al history con exito
Friday 23rd of August 2019 06:07:04 PM, Registros guardados al history con exito
Friday 23rd of August 2019 06:07:04 PM, Registros guardados al history con exito
Friday 23rd of August 2019 06:07:04 PM, Registros guardados al history con exito
Friday 23rd of August 2019 06:07:04 PM, Registros guardados al history con exito
Friday 23rd of August 2019 06:07:04 PM, Registros guardados al history con exito
Saturday 24th of August 2019 12:15:01 AM, No hay nuevos registros para enviar...
Sunday 25th of August 2019 12:15:02 AM, No hay nuevos registros para enviar...
Monday 26th of August 2019 12:15:02 AM, 1-El archivo se creo exitoso!
Monday 26th of August 2019 12:15:02 AM, 2-El archivo se actualizo!
Monday 26th of August 2019 12:15:02 AM, 2-El archivo se actualizo!
Monday 26th of August 2019 12:15:05 AM, Email enviado exitoso!!
Monday 26th of August 2019 12:15:05 AM, Registros guardados al history con exito
Monday 26th of August 2019 12:15:05 AM, Registros guardados al history con exito
Wednesday 28th of August 2019 12:15:01 AM, No hay nuevos registros para enviar...
Thursday 29th of August 2019 12:15:02 AM, No hay nuevos registros para enviar...
Friday 30th of August 2019 12:15:02 AM, No hay nuevos registros para enviar...
Saturday 31st of August 2019 12:15:02 AM, No hay nuevos registros para enviar...
Sunday 1st of September 2019 12:15:02 AM, No hay nuevos registros para enviar...
Monday 2nd of September 2019 12:15:02 AM, No hay nuevos registros para enviar...
Tuesday 3rd of September 2019 12:15:02 AM, No hay nuevos registros para enviar...
Wednesday 4th of September 2019 12:15:01 AM, No hay nuevos registros para enviar...
Thursday 5th of September 2019 12:15:01 AM, No hay nuevos registros para enviar...
Friday 6th of September 2019 12:15:01 AM, No hay nuevos registros para enviar...
Saturday 7th of September 2019 12:15:02 AM, No hay nuevos registros para enviar...
Sunday 8th of September 2019 12:15:02 AM, No hay nuevos registros para enviar...
Monday 9th of September 2019 12:15:02 AM, No hay nuevos registros para enviar...
Tuesday 10th of September 2019 12:15:02 AM, No hay nuevos registros para enviar...
Wednesday 11th of September 2019 12:15:02 AM, No hay nuevos registros para enviar...
